# JRE version: OpenJDK Runtime Environment Temurin-21.0.10+7 (21.0.10+7) (build 21.0.10+7-LTS)
# Java VM: OpenJDK 64-Bit Server VM Temurin-21.0.10+7 (21.0.10+7-LTS, mixed mode, sharing, tiered, compressed oops, compressed class ptrs, parallel gc, windows-amd64)
GC Precious Log:
 CardTable entry size: 512
 CPUs: 8 total, 8 available
 Memory: 8038M
 Large Page Support: Disabled
 NUMA Support: Disabled
 Compressed Oops: Enabled (32-bit)
 Alignments: Space 512K, Generation 512K, Heap 2M
 Heap Min Capacity: 100M
 Heap Initial Capacity: 100M
 Heap Max Capacity: 2G
 Pre-touch: Disabled
 Parallel Workers: 8
Heap:
 PSYoungGen      total 18944K, used 9574K [0x00000000d5580000, 0x00000000d6b80000, 0x0000000100000000)
  eden space 18432K, 49% used [0x00000000d5580000,0x00000000d5e619d0,0x00000000d6780000)
  from space 512K, 93% used [0x00000000d6980000,0x00000000d69f8010,0x00000000d6a00000)
  to   space 2048K, 0% used [0x00000000d6780000,0x00000000d6780000,0x00000000d6980000)
 ParOldGen       total 93696K, used 59889K [0x0000000080000000, 0x0000000085b80000, 0x00000000d5580000)
  object space 93696K, 63% used [0x0000000080000000,0x0000000083a7c6b0,0x0000000085b80000)
 Metaspace       used 61458K, committed 62912K, reserved 1114112K
  class space    used 7249K, committed 7936K, reserved 1048576K
GC Heap History (20 events):
Event: 33.690 GC heap before
{Heap before GC invocations=62 (full 2):
 PSYoungGen      total 19456K, used 18976K [0x00000000d5580000, 0x00000000d6b00000, 0x0000000100000000)
  eden space 18432K, 100% used [0x00000000d5580000,0x00000000d6780000,0x00000000d6780000)
  from space 1024K, 53% used [0x00000000d6980000,0x00000000d6a08000,0x00000000d6a80000)
  to   space 512K, 0% used [0x00000000d6a80000,0x00000000d6a80000,0x00000000d6b00000)
 ParOldGen       total 90624K, used 90317K [0x0000000080000000, 0x0000000085880000, 0x00000000d5580000)
  object space 90624K, 99% used [0x0000000080000000,0x0000000085833620,0x0000000085880000)
 Metaspace       used 58678K, committed 60096K, reserved 1114112K
  class space    used 6903K, committed 7552K, reserved 1048576K
}
Event: 33.694 GC heap after
{Heap after GC invocations=62 (full 2):
 PSYoungGen      total 18944K, used 512K [0x00000000d5580000, 0x00000000d6b00000, 0x0000000100000000)
  eden space 18432K, 0% used [0x00000000d5580000,0x00000000d5580000,0x00000000d6780000)
  from space 512K, 100% used [0x00000000d6a80000,0x00000000d6b00000,0x00000000d6b00000)
  to   space 1024K, 0% used [0x00000000d6900000,0x00000000d6900000,0x00000000d6a00000)
 ParOldGen       total 91136K, used 90749K [0x0000000080000000, 0x0000000085900000, 0x00000000d5580000)
  object space 91136K, 99% used [0x0000000080000000,0x000000008589f620,0x0000000085900000)
 Metaspace       used 58678K, committed 60096K, reserved 1114112K
  class space    used 6903K, committed 7552K, reserved 1048576K
}
Event: 33.747 GC heap before
{Heap before GC invocations=63 (full 2):
 PSYoungGen      total 18944K, used 18944K [0x00000000d5580000, 0x00000000d6b00000, 0x0000000100000000)
  eden space 18432K, 100% used [0x00000000d5580000,0x00000000d6780000,0x00000000d6780000)
  from space 512K, 100% used [0x00000000d6a80000,0x00000000d6b00000,0x00000000d6b00000)
  to   space 1024K, 0% used [0x00000000d6900000,0x00000000d6900000,0x00000000d6a00000)
 ParOldGen       total 91136K, used 90749K [0x0000000080000000, 0x0000000085900000, 0x00000000d5580000)
  object space 91136K, 99% used [0x0000000080000000,0x000000008589f620,0x0000000085900000)
 Metaspace       used 58678K, committed 60096K, reserved 1114112K
  class space    used 6903K, committed 7552K, reserved 1048576K
}
Event: 33.748 GC heap after
{Heap after GC invocations=63 (full 2):
 PSYoungGen      total 19456K, used 544K [0x00000000d5580000, 0x00000000d6b00000, 0x0000000100000000)
  eden space 18432K, 0% used [0x00000000d5580000,0x00000000d5580000,0x00000000d6780000)
  from space 1024K, 53% used [0x00000000d6900000,0x00000000d6988000,0x00000000d6a00000)
  to   space 1024K, 0% used [0x00000000d6a00000,0x00000000d6a00000,0x00000000d6b00000)
 ParOldGen       total 91136K, used 91122K [0x0000000080000000, 0x0000000085900000, 0x00000000d5580000)
  object space 91136K, 99% used [0x0000000080000000,0x00000000858fc978,0x0000000085900000)
 Metaspace       used 58678K, committed 60096K, reserved 1114112K
  class space    used 6903K, committed 7552K, reserved 1048576K
}
Event: 33.802 GC heap before
{Heap before GC invocations=64 (full 2):
 PSYoungGen      total 19456K, used 18976K [0x00000000d5580000, 0x00000000d6b00000, 0x0000000100000000)
  eden space 18432K, 100% used [0x00000000d5580000,0x00000000d6780000,0x00000000d6780000)
  from space 1024K, 53% used [0x00000000d6900000,0x00000000d6988000,0x00000000d6a00000)
  to   space 1024K, 0% used [0x00000000d6a00000,0x00000000d6a00000,0x00000000d6b00000)
 ParOldGen       total 91136K, used 91122K [0x0000000080000000, 0x0000000085900000, 0x00000000d5580000)
  object space 91136K, 99% used [0x0000000080000000,0x00000000858fc978,0x0000000085900000)
 Metaspace       used 58678K, committed 60096K, reserved 1114112K
  class space    used 6903K, committed 7552K, reserved 1048576K
}
Event: 33.804 GC heap after
{Heap after GC invocations=64 (full 2):
 PSYoungGen      total 19456K, used 608K [0x00000000d5580000, 0x00000000d6b00000, 0x0000000100000000)
  eden space 18432K, 0% used [0x00000000d5580000,0x00000000d5580000,0x00000000d6780000)
  from space 1024K, 59% used [0x00000000d6a00000,0x00000000d6a98000,0x00000000d6b00000)
  to   space 1024K, 0% used [0x00000000d6900000,0x00000000d6900000,0x00000000d6a00000)
 ParOldGen       total 91648K, used 91538K [0x0000000080000000, 0x0000000085980000, 0x00000000d5580000)
  object space 91648K, 99% used [0x0000000080000000,0x0000000085964988,0x0000000085980000)
 Metaspace       used 58678K, committed 60096K, reserved 1114112K
  class space    used 6903K, committed 7552K, reserved 1048576K
}
Event: 33.861 GC heap before
{Heap before GC invocations=65 (full 2):
 PSYoungGen      total 19456K, used 19040K [0x00000000d5580000, 0x00000000d6b00000, 0x0000000100000000)
  eden space 18432K, 100% used [0x00000000d5580000,0x00000000d6780000,0x00000000d6780000)
  from space 1024K, 59% used [0x00000000d6a00000,0x00000000d6a98000,0x00000000d6b00000)
  to   space 1024K, 0% used [0x00000000d6900000,0x00000000d6900000,0x00000000d6a00000)
 ParOldGen       total 91648K, used 91538K [0x0000000080000000, 0x0000000085980000, 0x00000000d5580000)
  object space 91648K, 99% used [0x0000000080000000,0x0000000085964988,0x0000000085980000)
 Metaspace       used 58678K, committed 60096K, reserved 1114112K
  class space    used 6903K, committed 7552K, reserved 1048576K
}
Event: 33.864 GC heap after
{Heap after GC invocations=65 (full 2):
 PSYoungGen      total 18944K, used 512K [0x00000000d5580000, 0x00000000d6a80000, 0x0000000100000000)
  eden space 18432K, 0% used [0x00000000d5580000,0x00000000d5580000,0x00000000d6780000)
  from space 512K, 100% used [0x00000000d6900000,0x00000000d6980000,0x00000000d6980000)
  to   space 1024K, 0% used [0x00000000d6980000,0x00000000d6980000,0x00000000d6a80000)
 ParOldGen       total 92160K, used 92018K [0x0000000080000000, 0x0000000085a00000, 0x00000000d5580000)
  object space 92160K, 99% used [0x0000000080000000,0x00000000859dc988,0x0000000085a00000)
 Metaspace       used 58678K, committed 60096K, reserved 1114112K
  class space    used 6903K, committed 7552K, reserved 1048576K
}
Event: 33.920 GC heap before
{Heap before GC invocations=66 (full 2):
 PSYoungGen      total 18944K, used 18944K [0x00000000d5580000, 0x00000000d6a80000, 0x0000000100000000)
  eden space 18432K, 100% used [0x00000000d5580000,0x00000000d6780000,0x00000000d6780000)
  from space 512K, 100% used [0x00000000d6900000,0x00000000d6980000,0x00000000d6980000)
  to   space 1024K, 0% used [0x00000000d6980000,0x00000000d6980000,0x00000000d6a80000)
 ParOldGen       total 92160K, used 92018K [0x0000000080000000, 0x0000000085a00000, 0x00000000d5580000)
  object space 92160K, 99% used [0x0000000080000000,0x00000000859dc988,0x0000000085a00000)
 Metaspace       used 58678K, committed 60096K, reserved 1114112K
  class space    used 6903K, committed 7552K, reserved 1048576K
}
Event: 33.922 GC heap after
{Heap after GC invocations=66 (full 2):
 PSYoungGen      total 18944K, used 448K [0x00000000d5580000, 0x00000000d6a00000, 0x0000000100000000)
  eden space 18432K, 0% used [0x00000000d5580000,0x00000000d5580000,0x00000000d6780000)
  from space 512K, 87% used [0x00000000d6980000,0x00000000d69f0000,0x00000000d6a00000)
  to   space 512K, 0% used [0x00000000d6900000,0x00000000d6900000,0x00000000d6980000)
 ParOldGen       total 92672K, used 92490K [0x0000000080000000, 0x0000000085a80000, 0x00000000d5580000)
  object space 92672K, 99% used [0x0000000080000000,0x0000000085a52988,0x0000000085a80000)
 Metaspace       used 58678K, committed 60096K, reserved 1114112K
  class space    used 6903K, committed 7552K, reserved 1048576K
}
Event: 33.981 GC heap before
{Heap before GC invocations=67 (full 2):
 PSYoungGen      total 18944K, used 18880K [0x00000000d5580000, 0x00000000d6a00000, 0x0000000100000000)
  eden space 18432K, 100% used [0x00000000d5580000,0x00000000d6780000,0x00000000d6780000)
  from space 512K, 87% used [0x00000000d6980000,0x00000000d69f0000,0x00000000d6a00000)
  to   space 512K, 0% used [0x00000000d6900000,0x00000000d6900000,0x00000000d6980000)
 ParOldGen       total 92672K, used 92490K [0x0000000080000000, 0x0000000085a80000, 0x00000000d5580000)
  object space 92672K, 99% used [0x0000000080000000,0x0000000085a52988,0x0000000085a80000)
 Metaspace       used 58678K, committed 60096K, reserved 1114112K
  class space    used 6903K, committed 7552K, reserved 1048576K
}
Event: 33.983 GC heap after
{Heap after GC invocations=67 (full 2):
 PSYoungGen      total 18944K, used 512K [0x00000000d5580000, 0x00000000d6a00000, 0x0000000100000000)
  eden space 18432K, 0% used [0x00000000d5580000,0x00000000d5580000,0x00000000d6780000)
  from space 512K, 100% used [0x00000000d6900000,0x00000000d6980000,0x00000000d6980000)
  to   space 512K, 0% used [0x00000000d6980000,0x00000000d6980000,0x00000000d6a00000)
 ParOldGen       total 93184K, used 92866K [0x0000000080000000, 0x0000000085b00000, 0x00000000d5580000)
  object space 93184K, 99% used [0x0000000080000000,0x0000000085ab0988,0x0000000085b00000)
 Metaspace       used 58678K, committed 60096K, reserved 1114112K
  class space    used 6903K, committed 7552K, reserved 1048576K
}
Event: 34.083 GC heap before
{Heap before GC invocations=68 (full 2):
 PSYoungGen      total 18944K, used 16323K [0x00000000d5580000, 0x00000000d6a00000, 0x0000000100000000)
  eden space 18432K, 85% used [0x00000000d5580000,0x00000000d64f0fa8,0x00000000d6780000)
  from space 512K, 100% used [0x00000000d6900000,0x00000000d6980000,0x00000000d6980000)
  to   space 512K, 0% used [0x00000000d6980000,0x00000000d6980000,0x00000000d6a00000)
 ParOldGen       total 93184K, used 92866K [0x0000000080000000, 0x0000000085b00000, 0x00000000d5580000)
  object space 93184K, 99% used [0x0000000080000000,0x0000000085ab0988,0x0000000085b00000)
 Metaspace       used 58698K, committed 60096K, reserved 1114112K
  class space    used 6906K, committed 7552K, reserved 1048576K
}
Event: 34.085 GC heap after
{Heap after GC invocations=68 (full 2):
 PSYoungGen      total 18944K, used 455K [0x00000000d5580000, 0x00000000d6a00000, 0x0000000100000000)
  eden space 18432K, 0% used [0x00000000d5580000,0x00000000d5580000,0x00000000d6780000)
  from space 512K, 89% used [0x00000000d6980000,0x00000000d69f1ef0,0x00000000d6a00000)
  to   space 512K, 0% used [0x00000000d6900000,0x00000000d6900000,0x00000000d6980000)
 ParOldGen       total 93696K, used 93274K [0x0000000080000000, 0x0000000085b80000, 0x00000000d5580000)
  object space 93696K, 99% used [0x0000000080000000,0x0000000085b16988,0x0000000085b80000)
 Metaspace       used 58698K, committed 60096K, reserved 1114112K
  class space    used 6906K, committed 7552K, reserved 1048576K
}
Event: 34.278 GC heap before
{Heap before GC invocations=69 (full 2):
 PSYoungGen      total 18944K, used 10038K [0x00000000d5580000, 0x00000000d6a00000, 0x0000000100000000)
  eden space 18432K, 51% used [0x00000000d5580000,0x00000000d5edbb50,0x00000000d6780000)
  from space 512K, 89% used [0x00000000d6980000,0x00000000d69f1ef0,0x00000000d6a00000)
  to   space 512K, 0% used [0x00000000d6900000,0x00000000d6900000,0x00000000d6980000)
 ParOldGen       total 93696K, used 93274K [0x0000000080000000, 0x0000000085b80000, 0x00000000d5580000)
  object space 93696K, 99% used [0x0000000080000000,0x0000000085b16988,0x0000000085b80000)
 Metaspace       used 58970K, committed 60288K, reserved 1114112K
  class space    used 6952K, committed 7552K, reserved 1048576K
}
Event: 34.280 GC heap after
{Heap after GC invocations=69 (full 2):
 PSYoungGen      total 18944K, used 256K [0x00000000d5580000, 0x00000000d6a00000, 0x0000000100000000)
  eden space 18432K, 0% used [0x00000000d5580000,0x00000000d5580000,0x00000000d6780000)
  from space 512K, 50% used [0x00000000d6900000,0x00000000d6940000,0x00000000d6980000)
  to   space 512K, 0% used [0x00000000d6980000,0x00000000d6980000,0x00000000d6a00000)
 ParOldGen       total 93696K, used 93660K [0x0000000080000000, 0x0000000085b80000, 0x00000000d5580000)
  object space 93696K, 99% used [0x0000000080000000,0x0000000085b77040,0x0000000085b80000)
 Metaspace       used 58970K, committed 60288K, reserved 1114112K
  class space    used 6952K, committed 7552K, reserved 1048576K
}
Event: 34.280 GC heap before
{Heap before GC invocations=70 (full 3):
 PSYoungGen      total 18944K, used 256K [0x00000000d5580000, 0x00000000d6a00000, 0x0000000100000000)
  eden space 18432K, 0% used [0x00000000d5580000,0x00000000d5580000,0x00000000d6780000)
  from space 512K, 50% used [0x00000000d6900000,0x00000000d6940000,0x00000000d6980000)
  to   space 512K, 0% used [0x00000000d6980000,0x00000000d6980000,0x00000000d6a00000)
 ParOldGen       total 93696K, used 93660K [0x0000000080000000, 0x0000000085b80000, 0x00000000d5580000)
  object space 93696K, 99% used [0x0000000080000000,0x0000000085b77040,0x0000000085b80000)
 Metaspace       used 58970K, committed 60288K, reserved 1114112K
  class space    used 6952K, committed 7552K, reserved 1048576K
}
Event: 34.446 GC heap after
{Heap after GC invocations=70 (full 3):
 PSYoungGen      total 18944K, used 0K [0x00000000d5580000, 0x00000000d6a00000, 0x0000000100000000)
  eden space 18432K, 0% used [0x00000000d5580000,0x00000000d5580000,0x00000000d6780000)
  from space 512K, 0% used [0x00000000d6900000,0x00000000d6900000,0x00000000d6980000)
  to   space 512K, 0% used [0x00000000d6980000,0x00000000d6980000,0x00000000d6a00000)
 ParOldGen       total 93696K, used 58801K [0x0000000080000000, 0x0000000085b80000, 0x00000000d5580000)
  object space 93696K, 62% used [0x0000000080000000,0x000000008396c420,0x0000000085b80000)
 Metaspace       used 58970K, committed 60288K, reserved 1114112K
  class space    used 6952K, committed 7552K, reserved 1048576K
}
Event: 36.819 GC heap before
{Heap before GC invocations=71 (full 3):
 PSYoungGen      total 18944K, used 18432K [0x00000000d5580000, 0x00000000d6a00000, 0x0000000100000000)
  eden space 18432K, 100% used [0x00000000d5580000,0x00000000d6780000,0x00000000d6780000)
  from space 512K, 0% used [0x00000000d6900000,0x00000000d6900000,0x00000000d6980000)
  to   space 512K, 0% used [0x00000000d6980000,0x00000000d6980000,0x00000000d6a00000)
 ParOldGen       total 93696K, used 58801K [0x0000000080000000, 0x0000000085b80000, 0x00000000d5580000)
  object space 93696K, 62% used [0x0000000080000000,0x000000008396c420,0x0000000085b80000)
 Metaspace       used 61034K, committed 62464K, reserved 1114112K
  class space    used 7197K, committed 7872K, reserved 1048576K
}
Event: 36.823 GC heap after
{Heap after GC invocations=71 (full 3):
 PSYoungGen      total 18944K, used 480K [0x00000000d5580000, 0x00000000d6b80000, 0x0000000100000000)
  eden space 18432K, 0% used [0x00000000d5580000,0x00000000d5580000,0x00000000d6780000)
  from space 512K, 93% used [0x00000000d6980000,0x00000000d69f8010,0x00000000d6a00000)
  to   space 2048K, 0% used [0x00000000d6780000,0x00000000d6780000,0x00000000d6980000)
 ParOldGen       total 93696K, used 59889K [0x0000000080000000, 0x0000000085b80000, 0x00000000d5580000)
  object space 93696K, 63% used [0x0000000080000000,0x0000000083a7c6b0,0x0000000085b80000)
 Metaspace       used 61034K, committed 62464K, reserved 1114112K
  class space    used 7197K, committed 7872K, reserved 1048576K
}

